<?xml version="1.0" encoding="UTF-8"?>
<testsuite name="com.BLPrograms.CabInvoiceGeneratorTest" tests="6" skipped="0" failures="0" errors="0" timestamp="2023-01-25T20:39:49" hostname="DESKTOP-T8UIUR0" time="0.031">
  <properties/>
  <testcase name="givenDistanceAndTime_WhenPremiumAndLessThanMinimum_ShouldReturnTotalFare" classname="com.BLPrograms.CabInvoiceGeneratorTest" time="0.024"/>
  <testcase name="givenUserID_ShouldReturnListOfRides" classname="com.BLPrograms.CabInvoiceGeneratorTest" time="0.002"/>
  <testcase name="givenDistanceAndTime_WhenLessThanMinimumFare_ShouldReturnTotalFare" classname="com.BLPrograms.CabInvoiceGeneratorTest" time="0.001"/>
  <testcase name="givenDistanceAndTime_WhenPremium_ShouldReturnTotalFare" classname="com.BLPrograms.CabInvoiceGeneratorTest" time="0.001"/>
  <testcase name="givenDistanceAndTime_ShouldReturnTotalFare" classname="com.BLPrograms.CabInvoiceGeneratorTest" time="0.0"/>
  <testcase name="givenMultipleRides_ShouldReturnInvoiceSummary" classname="com.BLPrograms.CabInvoiceGeneratorTest" time="0.0"/>
  <system-out><![CDATA[]]></system-out>
  <system-err><![CDATA[]]></system-err>
</testsuite>
